Using pre-set license
Built from '2022.3/staging' branch; Version is '2022.3.46f1 (8e9b8558c41a) revision 9345925'; Using compiler version '192829333'; Build Type 'Release'
OS: 'Windows 11  (10.0.26100) 64bit Core' Language: 'ja' Physical Memory: 16008 MB
BatchMode: 1, IsHumanControllingUs: 0, StartBugReporterOnCrash: 0, Is64bit: 1, IsPro: 1

COMMAND LINE ARGUMENTS:
C:\Program Files\Unity\Hub\Editor\2022.3.46f1\Editor\Unity.exe
-adb2
-batchMode
-noUpm
-name
AssetImportWorker2
-projectPath
C:/Users/yazyu/OneDrive/デスクトップ/Unity/UnityProjects/10side_dice
-logFile
Logs/AssetImportWorker2.log
-srvPort
54307
Successfully changed project path to: C:/Users/yazyu/OneDrive/デスクトップ/Unity/UnityProjects/10side_dice
C:/Users/yazyu/OneDrive/デスクトップ/Unity/UnityProjects/10side_dice
[UnityMemory] Configuration Parameters - Can be set up in boot.config
    "memorysetup-bucket-allocator-granularity=16"
    "memorysetup-bucket-allocator-bucket-count=8"
    "memorysetup-bucket-allocator-block-size=33554432"
    "memorysetup-bucket-allocator-block-count=8"
    "memorysetup-main-allocator-block-size=16777216"
    "memorysetup-thread-allocator-block-size=16777216"
    "memorysetup-gfx-main-allocator-block-size=16777216"
    "memorysetup-gfx-thread-allocator-block-size=16777216"
    "memorysetup-cache-allocator-block-size=4194304"
    "memorysetup-typetree-allocator-block-size=2097152"
    "memorysetup-profiler-bucket-allocator-granularity=16"
    "memorysetup-profiler-bucket-allocator-bucket-count=8"
    "memorysetup-profiler-bucket-allocator-block-size=33554432"
    "memorysetup-profiler-bucket-allocator-block-count=8"
    "memorysetup-profiler-allocator-block-size=16777216"
    "memorysetup-profiler-editor-allocator-block-size=1048576"
    "memorysetup-temp-allocator-size-main=16777216"
    "memorysetup-job-temp-allocator-block-size=2097152"
    "memorysetup-job-temp-allocator-block-size-background=1048576"
    "memorysetup-job-temp-allocator-reduction-small-platforms=262144"
    "memorysetup-allocator-temp-initial-block-size-main=262144"
    "memorysetup-allocator-temp-initial-block-size-worker=262144"
    "memorysetup-temp-allocator-size-background-worker=32768"
    "memorysetup-temp-allocator-size-job-worker=262144"
    "memorysetup-temp-allocator-size-preload-manager=33554432"
    "memorysetup-temp-allocator-size-nav-mesh-worker=65536"
    "memorysetup-temp-allocator-size-audio-worker=65536"
    "memorysetup-temp-allocator-size-cloud-worker=32768"
    "memorysetup-temp-allocator-size-gi-baking-worker=262144"
    "memorysetup-temp-allocator-size-gfx=262144"
Player connection [36688]  Target information:

Player connection [36688]  * "[IP] 10.31.186.69 [Port] 0 [Flags] 2 [Guid] 325951820 [EditorId] 325951820 [Version] 1048832 [Id] WindowsEditor(7,TukemonoIshi) [Debug] 1 [PackageName] WindowsEditor [ProjectName] Editor" 

Player connection [36688] Host joined multi-casting on [225.0.0.222:54997]...
Player connection [36688] Host joined alternative multi-casting on [225.0.0.222:34997]...
[PhysX] Initialized MultithreadedTaskDispatcher with 20 workers.
Refreshing native plugins compatible for Editor in 19.98 ms, found 3 plugins.
Preloading 0 native plugins for Editor in 0.00 ms.
Initialize engine version: 2022.3.46f1 (8e9b8558c41a)
[Subsystems] Discovering subsystems at path C:/Program Files/Unity/Hub/Editor/2022.3.46f1/Editor/Data/Resources/UnitySubsystems
[Subsystems] Discovering subsystems at path C:/Users/yazyu/OneDrive/デスクトップ/Unity/UnityProjects/10side_dice/Assets
GfxDevice: creating device client; threaded=0; jobified=0
Direct3D:
    Version:  Direct3D 11.0 [level 11.1]
    Renderer: Intel(R) Iris(R) Xe Graphics (ID=0xa7a0)
    Vendor:   Intel
    VRAM:     8004 MB
    Driver:   32.0.101.5768
Initialize mono
Mono path[0] = 'C:/Program Files/Unity/Hub/Editor/2022.3.46f1/Editor/Data/Managed'
Mono path[1] = 'C:/Program Files/Unity/Hub/Editor/2022.3.46f1/Editor/Data/MonoBleedingEdge/lib/mono/unityjit-win32'
Mono config path = 'C:/Program Files/Unity/Hub/Editor/2022.3.46f1/Editor/Data/MonoBleedingEdge/etc'
Using monoOptions --debugger-agent=transport=dt_socket,embedding=1,server=y,suspend=n,address=127.0.0.1:56844
Begin MonoManager ReloadAssembly
Registering precompiled unity dll's ...
Register platform support module: C:/Program Files/Unity/Hub/Editor/2022.3.46f1/Editor/Data/PlaybackEngines/WebGLSupport/UnityEditor.WebGL.Extensions.dll
Register platform support module: C:/Program Files/Unity/Hub/Editor/2022.3.46f1/Editor/Data/PlaybackEngines/WindowsStandaloneSupport/UnityEditor.WindowsStandalone.Extensions.dll
Registered in 0.015271 seconds.
- Loaded All Assemblies, in  0.847 seconds
Native extension for WindowsStandalone target not found
Native extension for WebGL target not found
Mono: successfully reloaded assembly
- Finished resetting the current domain, in  0.669 seconds
Domain Reload Profiling: 1514ms
	BeginReloadAssembly (249ms)
		ExecutionOrderSort (0ms)
		DisableScriptedObjects (0ms)
		BackupInstance (0ms)
		ReleaseScriptingObjects (0ms)
		CreateAndSetChildDomain (2ms)
	RebuildCommonClasses (86ms)
	RebuildNativeTypeToScriptingClass (24ms)
	initialDomainReloadingComplete (143ms)
	LoadAllAssembliesAndSetupDomain (341ms)
		LoadAssemblies (246ms)
		RebuildTransferFunctionScriptingTraits (0ms)
		AnalyzeDomain (337ms)
			TypeCache.Refresh (333ms)
				TypeCache.ScanAssembly (301ms)
			ScanForSourceGeneratedMonoScriptInfo (1ms)
			ResolveRequiredComponents (1ms)
	FinalizeReload (670ms)
		ReleaseScriptCaches (0ms)
		RebuildScriptCaches (0ms)
		SetupLoadedEditorAssemblies (549ms)
			LogAssemblyErrors (0ms)
			InitializePlatformSupportModulesInManaged (23ms)
			SetLoadedEditorAssemblies (14ms)
			RefreshPlugins (0ms)
			BeforeProcessingInitializeOnLoad (6ms)
			ProcessInitializeOnLoadAttributes (386ms)
			ProcessInitializeOnLoadMethodAttributes (119ms)
			AfterProcessingInitializeOnLoad (0ms)
			EditorAssembliesLoaded (0ms)
		ExecutionOrderSort2 (0ms)
		AwakeInstancesAfterBackupRestoration (0ms)
========================================================================
Worker process is ready to serve import requests
Caller must complete domain reload
Begin MonoManager ReloadAssembly
- Loaded All Assemblies, in  1.407 seconds
Native extension for WindowsStandalone target not found
Native extension for WebGL target not found
Mono: successfully reloaded assembly
- Finished resetting the current domain, in  1.337 seconds
Domain Reload Profiling: 2741ms
	BeginReloadAssembly (335ms)
		ExecutionOrderSort (0ms)
		DisableScriptedObjects (11ms)
		BackupInstance (0ms)
		ReleaseScriptingObjects (0ms)
		CreateAndSetChildDomain (46ms)
	RebuildCommonClasses (78ms)
	RebuildNativeTypeToScriptingClass (25ms)
	initialDomainReloadingComplete (96ms)
	LoadAllAssembliesAndSetupDomain (870ms)
		LoadAssemblies (636ms)
		RebuildTransferFunctionScriptingTraits (0ms)
		AnalyzeDomain (430ms)
			TypeCache.Refresh (375ms)
				TypeCache.ScanAssembly (342ms)
			ScanForSourceGeneratedMonoScriptInfo (41ms)
			ResolveRequiredComponents (10ms)
	FinalizeReload (1338ms)
		ReleaseScriptCaches (0ms)
		RebuildScriptCaches (0ms)
		SetupLoadedEditorAssemblies (1018ms)
			LogAssemblyErrors (0ms)
			InitializePlatformSupportModulesInManaged (15ms)
			SetLoadedEditorAssemblies (8ms)
			RefreshPlugins (0ms)
			BeforeProcessingInitializeOnLoad (135ms)
			ProcessInitializeOnLoadAttributes (796ms)
			ProcessInitializeOnLoadMethodAttributes (50ms)
			AfterProcessingInitializeOnLoad (14ms)
			EditorAssembliesLoaded (0ms)
		ExecutionOrderSort2 (0ms)
		AwakeInstancesAfterBackupRestoration (16ms)
Launched and connected shader compiler UnityShaderCompiler.exe after 0.15 seconds
Refreshing native plugins compatible for Editor in 5.43 ms, found 3 plugins.
Preloading 0 native plugins for Editor in 0.00 ms.
Unloading 3123 Unused Serialized files (Serialized files now loaded: 0)
Unloading 19 unused Assets / (54.5 KB). Loaded Objects now: 3591.
Memory consumption went from 119.7 MB to 119.7 MB.
Total: 6.507500 ms (FindLiveObjects: 0.346100 ms CreateObjectMapping: 0.124800 ms MarkObjects: 5.834400 ms  DeleteObjects: 0.200300 ms)

AssetImportParameters requested are different than current active one (requested -> active):
  custom:container-demuxer-ogg: 62fdf1f143b41e24485cea50d1cbac27 -> 
  custom:video-decoder-ogg-theora: a1e56fd34408186e4bbccfd4996cb3dc -> 
  custom:framework-win-MediaFoundation: 216162199b28c13a410421893ffa2e32 -> 
  custom:CustomObjectIndexerAttribute: 9a22284fe3817be447336de3de66b15e -> 
  custom:container-demuxer-webm: 4f35f7cbe854078d1ac9338744f61a02 -> 
  custom:container-muxer-webm: aa71ff27fc2769a1b78a27578f13a17b -> 
  custom:video-decoder-webm-vp8: 9c59270c3fd7afecdb556c50c9e8de78 -> 
  custom:SearchIndexIgnoredProperties: e643bd26f0fe6173181afceb89e7c659 -> 
  custom:AudioImporter_EditorPlatform: d09bf68614088b80899f8185d706f6e7 -> 
  custom:video-encoder-webm-vp8: eb34c28f22e8b96e1ab97ce403110664 -> 
  custom:audio-decoder-ogg-vorbis: bf7c407c2cedff20999df2af8eb42d56 -> 
  custom:audio-encoder-webm-vorbis: bf7c407c2cedff20999df2af8eb42d56 -> 
========================================================================
Received Import Request.
  Time since last request: 377096.098996 seconds.
  path: Assets/Collection Dice set for role-playing games/Dice_d4/Textures/2k/Plastic Rough Scratched red/Dice_d4_Roughness.png
  artifactKey: Guid(5f3d4da8db10401428bb6998ae4f6f88) Importer(2089858483,0ecaa5967403d082aa24f35e1b516d23)
Start importing Assets/Collection Dice set for role-playing games/Dice_d4/Textures/2k/Plastic Rough Scratched red/Dice_d4_Roughness.png using Guid(5f3d4da8db10401428bb6998ae4f6f88) Importer(2089858483,0ecaa5967403d082aa24f35e1b516d23) [PhysX] Initialized MultithreadedTaskDispatcher with 20 workers.
 -> (artifact id: 'e90263239c24eeb9111fd3ee345b0c17') in 0.336795 seconds
Number of updated asset objects reloaded before import = 0
Number of asset objects unloaded after import = 1
========================================================================
Received Import Request.
  Time since last request: 0.000128 seconds.
  path: Assets/Collection Dice set for role-playing games/Dice_d4/Textures/512/Plastic Glossy Pure write/Dice_d4_Albedo.png
  artifactKey: Guid(0e2f8ed705ec52541bd4bc9b16f36e28) Importer(2089858483,0ecaa5967403d082aa24f35e1b516d23)
Start importing Assets/Collection Dice set for role-playing games/Dice_d4/Textures/512/Plastic Glossy Pure write/Dice_d4_Albedo.png using Guid(0e2f8ed705ec52541bd4bc9b16f36e28) Importer(2089858483,0ecaa5967403d082aa24f35e1b516d23) [PhysX] Initialized MultithreadedTaskDispatcher with 20 workers.
 -> (artifact id: 'cfcbf46a38eb7861a6bae4dd7a439e8a') in 0.066309 seconds
Number of updated asset objects reloaded before import = 0
Number of asset objects unloaded after import = 1
========================================================================
Received Import Request.
  Time since last request: 0.000041 seconds.
  path: Assets/Collection Dice set for role-playing games/Dice_d4/Textures/512/Plastic Glossy Pure blue/Dice_d4_Roughness.png
  artifactKey: Guid(f4a06da9892bdba46be31524cf962d23) Importer(2089858483,0ecaa5967403d082aa24f35e1b516d23)
Start importing Assets/Collection Dice set for role-playing games/Dice_d4/Textures/512/Plastic Glossy Pure blue/Dice_d4_Roughness.png using Guid(f4a06da9892bdba46be31524cf962d23) Importer(2089858483,0ecaa5967403d082aa24f35e1b516d23) [PhysX] Initialized MultithreadedTaskDispatcher with 20 workers.
 -> (artifact id: 'f54429403b628e7d195fba6842c50f66') in 0.047087 seconds
Number of updated asset objects reloaded before import = 0
Number of asset objects unloaded after import = 1
========================================================================
Received Import Request.
  Time since last request: 0.000051 seconds.
  path: Assets/Collection Dice set for role-playing games/Dice_d4/Textures/512/Plastic Glossy Pure red/Dice_d4_Metallic.png
  artifactKey: Guid(2e64b41ca8a852846bda0671e3250ae0) Importer(2089858483,0ecaa5967403d082aa24f35e1b516d23)
Start importing Assets/Collection Dice set for role-playing games/Dice_d4/Textures/512/Plastic Glossy Pure red/Dice_d4_Metallic.png using Guid(2e64b41ca8a852846bda0671e3250ae0) Importer(2089858483,0ecaa5967403d082aa24f35e1b516d23) [PhysX] Initialized MultithreadedTaskDispatcher with 20 workers.
 -> (artifact id: '7ea2e4fe9adae18581ab3048cd4b4607') in 0.045002 seconds
Number of updated asset objects reloaded before import = 0
Number of asset objects unloaded after import = 1
========================================================================
Received Import Request.
  Time since last request: 0.000070 seconds.
  path: Assets/Collection Dice set for role-playing games/Dice_d12/Textures/512/Plastic Glossy Pure red/Dice_d12_Height.png
  artifactKey: Guid(51b033792b7fde645b3eafe8d6b984a5) Importer(2089858483,0ecaa5967403d082aa24f35e1b516d23)
Start importing Assets/Collection Dice set for role-playing games/Dice_d12/Textures/512/Plastic Glossy Pure red/Dice_d12_Height.png using Guid(51b033792b7fde645b3eafe8d6b984a5) Importer(2089858483,0ecaa5967403d082aa24f35e1b516d23) [PhysX] Initialized MultithreadedTaskDispatcher with 20 workers.
 -> (artifact id: 'b7f8f68d885571fd25431c63ca4728f7') in 0.043925 seconds
Number of updated asset objects reloaded before import = 0
Number of asset objects unloaded after import = 1
========================================================================
Received Import Request.
  Time since last request: 0.000039 seconds.
  path: Assets/Collection Dice set for role-playing games/Dice_d20/Textures/2k/Plastic Glossy Pure red/Dice_d20_LP_Metallic.png
  artifactKey: Guid(c73388158caa9cc4dae4d88d430b4e34) Importer(2089858483,0ecaa5967403d082aa24f35e1b516d23)
Start importing Assets/Collection Dice set for role-playing games/Dice_d20/Textures/2k/Plastic Glossy Pure red/Dice_d20_LP_Metallic.png using Guid(c73388158caa9cc4dae4d88d430b4e34) Importer(2089858483,0ecaa5967403d082aa24f35e1b516d23) [PhysX] Initialized MultithreadedTaskDispatcher with 20 workers.
 -> (artifact id: 'f79eebfd440d2547079932b1849d3196') in 0.055319 seconds
Number of updated asset objects reloaded before import = 0
Number of asset objects unloaded after import = 1
========================================================================
Received Import Request.
  Time since last request: 0.000044 seconds.
  path: Assets/Collection Dice set for role-playing games/Dice_d20/Textures/2k/Plastic Rough Scratched blue/Dice_d20_LP_Normal.png
  artifactKey: Guid(4c15ceb96f762b4498417aeddf173fea) Importer(2089858483,0ecaa5967403d082aa24f35e1b516d23)
Start importing Assets/Collection Dice set for role-playing games/Dice_d20/Textures/2k/Plastic Rough Scratched blue/Dice_d20_LP_Normal.png using Guid(4c15ceb96f762b4498417aeddf173fea) Importer(2089858483,0ecaa5967403d082aa24f35e1b516d23) [PhysX] Initialized MultithreadedTaskDispatcher with 20 workers.
 -> (artifact id: '70528d1af086e42ce46cc71ab2054d58') in 0.052212 seconds
Number of updated asset objects reloaded before import = 0
Number of asset objects unloaded after import = 1
========================================================================
Received Import Request.
  Time since last request: 0.000067 seconds.
  path: Assets/Collection Dice set for role-playing games/Dice_d10/Textures/512/Plastic Glossy Pure write/Dice_10_Metallic.png
  artifactKey: Guid(eb14c8995880b87458f73e5785d6835c) Importer(2089858483,0ecaa5967403d082aa24f35e1b516d23)
Start importing Assets/Collection Dice set for role-playing games/Dice_d10/Textures/512/Plastic Glossy Pure write/Dice_10_Metallic.png using Guid(eb14c8995880b87458f73e5785d6835c) Importer(2089858483,0ecaa5967403d082aa24f35e1b516d23) [PhysX] Initialized MultithreadedTaskDispatcher with 20 workers.
 -> (artifact id: '37f8d894a27d48a15c6a8032a11f0f9b') in 0.053504 seconds
Number of updated asset objects reloaded before import = 0
Number of asset objects unloaded after import = 1
========================================================================
Received Import Request.
  Time since last request: 0.000048 seconds.
  path: Assets/Collection Dice set for role-playing games/Dice_d12/Textures/512/Plastic Rough Scratched red/Dice_d12_Albedo.png
  artifactKey: Guid(7404e06d06e9e614d8f0e11956e7763b) Importer(2089858483,0ecaa5967403d082aa24f35e1b516d23)
Start importing Assets/Collection Dice set for role-playing games/Dice_d12/Textures/512/Plastic Rough Scratched red/Dice_d12_Albedo.png using Guid(7404e06d06e9e614d8f0e11956e7763b) Importer(2089858483,0ecaa5967403d082aa24f35e1b516d23) [PhysX] Initialized MultithreadedTaskDispatcher with 20 workers.
 -> (artifact id: 'd0fe6cb6bf00c5e6fa6f76298bfbbcf8') in 0.066381 seconds
Number of updated asset objects reloaded before import = 0
Number of asset objects unloaded after import = 1
========================================================================
Received Import Request.
  Time since last request: 0.000034 seconds.
  path: Assets/Collection Dice set for role-playing games/Dice_d20/Textures/512/Plastic Glossy Pure write/Dice_d20_LP_Metallic.png
  artifactKey: Guid(cc73f83b4c31fd3418a47f8d734646d6) Importer(2089858483,0ecaa5967403d082aa24f35e1b516d23)
Start importing Assets/Collection Dice set for role-playing games/Dice_d20/Textures/512/Plastic Glossy Pure write/Dice_d20_LP_Metallic.png using Guid(cc73f83b4c31fd3418a47f8d734646d6) Importer(2089858483,0ecaa5967403d082aa24f35e1b516d23) [PhysX] Initialized MultithreadedTaskDispatcher with 20 workers.
 -> (artifact id: '7efe652e3888474580c0403a7f0578a3') in 0.044511 seconds
Number of updated asset objects reloaded before import = 0
Number of asset objects unloaded after import = 1
========================================================================
Received Import Request.
  Time since last request: 0.000042 seconds.
  path: Assets/Collection Dice set for role-playing games/Dice_d6/Textures/2k/Plastic Glossy Pure write/Dice_d6_Albedo.png
  artifactKey: Guid(4e15ca5ca6770244786eceb0ce29f7cb) Importer(2089858483,0ecaa5967403d082aa24f35e1b516d23)
Start importing Assets/Collection Dice set for role-playing games/Dice_d6/Textures/2k/Plastic Glossy Pure write/Dice_d6_Albedo.png using Guid(4e15ca5ca6770244786eceb0ce29f7cb) Importer(2089858483,0ecaa5967403d082aa24f35e1b516d23) [PhysX] Initialized MultithreadedTaskDispatcher with 20 workers.
 -> (artifact id: 'c1d7b409006848a9d2fe6074c24dddf9') in 0.049920 seconds
Number of updated asset objects reloaded before import = 0
Number of asset objects unloaded after import = 1
========================================================================
Received Import Request.
  Time since last request: 0.000041 seconds.
  path: Assets/Collection Dice set for role-playing games/Dice_d6/Textures/2k/Plastic Rough Scratched blue/Dice_d6_AO.png
  artifactKey: Guid(c42073140bd41e04ea2ab61a27de0fe1) Importer(2089858483,0ecaa5967403d082aa24f35e1b516d23)
Start importing Assets/Collection Dice set for role-playing games/Dice_d6/Textures/2k/Plastic Rough Scratched blue/Dice_d6_AO.png using Guid(c42073140bd41e04ea2ab61a27de0fe1) Importer(2089858483,0ecaa5967403d082aa24f35e1b516d23) [PhysX] Initialized MultithreadedTaskDispatcher with 20 workers.
 -> (artifact id: 'bdd2cf8dd9742cd9b3dcea40f5a61bf2') in 0.047536 seconds
Number of updated asset objects reloaded before import = 0
Number of asset objects unloaded after import = 1
========================================================================
Received Import Request.
  Time since last request: 0.000058 seconds.
  path: Assets/Collection Dice set for role-playing games/Dice_d6/Textures/2k/Plastic Rough Scratched red/Dice_d6_Albedo.png
  artifactKey: Guid(a227452ba22c5fe49a8681cfcbbde245) Importer(2089858483,0ecaa5967403d082aa24f35e1b516d23)
Start importing Assets/Collection Dice set for role-playing games/Dice_d6/Textures/2k/Plastic Rough Scratched red/Dice_d6_Albedo.png using Guid(a227452ba22c5fe49a8681cfcbbde245) Importer(2089858483,0ecaa5967403d082aa24f35e1b516d23) [PhysX] Initialized MultithreadedTaskDispatcher with 20 workers.
 -> (artifact id: '19f72314a23bf0ba68ae65ee8e3632ae') in 0.071851 seconds
Number of updated asset objects reloaded before import = 0
Number of asset objects unloaded after import = 1
========================================================================
Received Import Request.
  Time since last request: 0.000052 seconds.
  path: Assets/Collection Dice set for role-playing games/Dice_d6/Textures/2k/Plastic Glossy Pure write/Dice_d6_AO.png
  artifactKey: Guid(e7782384aad96034fb96a34c61cd080d) Importer(2089858483,0ecaa5967403d082aa24f35e1b516d23)
Start importing Assets/Collection Dice set for role-playing games/Dice_d6/Textures/2k/Plastic Glossy Pure write/Dice_d6_AO.png using Guid(e7782384aad96034fb96a34c61cd080d) Importer(2089858483,0ecaa5967403d082aa24f35e1b516d23) [PhysX] Initialized MultithreadedTaskDispatcher with 20 workers.
 -> (artifact id: '20823d62ecc2c915eee6ce8d1053c5c3') in 0.043811 seconds
Number of updated asset objects reloaded before import = 0
Number of asset objects unloaded after import = 1
========================================================================
Received Import Request.
  Time since last request: 0.000023 seconds.
  path: Assets/Collection Dice set for role-playing games/Dice_d6/Textures/2k/Plastic Glossy Pure red/Dice_d6_Roughness.png
  artifactKey: Guid(5d104eb973c8ca54c8f3719b7a6de444) Importer(2089858483,0ecaa5967403d082aa24f35e1b516d23)
Start importing Assets/Collection Dice set for role-playing games/Dice_d6/Textures/2k/Plastic Glossy Pure red/Dice_d6_Roughness.png using Guid(5d104eb973c8ca54c8f3719b7a6de444) Importer(2089858483,0ecaa5967403d082aa24f35e1b516d23) [PhysX] Initialized MultithreadedTaskDispatcher with 20 workers.
 -> (artifact id: '387f431168f9f42e1d1333f2f263eb0c') in 0.038957 seconds
Number of updated asset objects reloaded before import = 0
Number of asset objects unloaded after import = 1
========================================================================
Received Import Request.
  Time since last request: 0.000054 seconds.
  path: Assets/Collection Dice set for role-playing games/Dice_d6/Textures/2k/Plastic Rough Scratched blue/Dice_d6_Metallic.png
  artifactKey: Guid(e6ec67c0a24fbfb438cbefdf67dad8a0) Importer(2089858483,0ecaa5967403d082aa24f35e1b516d23)
Start importing Assets/Collection Dice set for role-playing games/Dice_d6/Textures/2k/Plastic Rough Scratched blue/Dice_d6_Metallic.png using Guid(e6ec67c0a24fbfb438cbefdf67dad8a0) Importer(2089858483,0ecaa5967403d082aa24f35e1b516d23) [PhysX] Initialized MultithreadedTaskDispatcher with 20 workers.
 -> (artifact id: '0a0e6a4fdfdfd23932d88c98fbe072c4') in 0.042518 seconds
Number of updated asset objects reloaded before import = 0
Number of asset objects unloaded after import = 1
========================================================================
Received Import Request.
  Time since last request: 0.000031 seconds.
  path: Assets/Collection Dice set for role-playing games/Dice_d4/Textures/512/Plastic Rough Scratched blue/Dice_d4_Roughness.png
  artifactKey: Guid(2d079be7bc3663944822293dbbd305a5) Importer(2089858483,0ecaa5967403d082aa24f35e1b516d23)
Start importing Assets/Collection Dice set for role-playing games/Dice_d4/Textures/512/Plastic Rough Scratched blue/Dice_d4_Roughness.png using Guid(2d079be7bc3663944822293dbbd305a5) Importer(2089858483,0ecaa5967403d082aa24f35e1b516d23) [PhysX] Initialized MultithreadedTaskDispatcher with 20 workers.
 -> (artifact id: '9ecebda9844a03b6bd0eae47749238ee') in 0.059102 seconds
Number of updated asset objects reloaded before import = 0
Number of asset objects unloaded after import = 1
========================================================================
Received Import Request.
  Time since last request: 0.000086 seconds.
  path: Assets/Collection Dice set for role-playing games/Dice_d6/Textures/2k/Plastic Rough Scratched blue/Dice_d6_Roughness.png
  artifactKey: Guid(ce14ebd87dfd97c4e883b9207126ba3f) Importer(2089858483,0ecaa5967403d082aa24f35e1b516d23)
Start importing Assets/Collection Dice set for role-playing games/Dice_d6/Textures/2k/Plastic Rough Scratched blue/Dice_d6_Roughness.png using Guid(ce14ebd87dfd97c4e883b9207126ba3f) Importer(2089858483,0ecaa5967403d082aa24f35e1b516d23) [PhysX] Initialized MultithreadedTaskDispatcher with 20 workers.
 -> (artifact id: 'd17024860775d7968440f64137b7ced0') in 0.030456 seconds
Number of updated asset objects reloaded before import = 0
Number of asset objects unloaded after import = 1
========================================================================
Received Import Request.
  Time since last request: 0.000050 seconds.
  path: Assets/Collection Dice set for role-playing games/Dice_d10/Textures/2k/Plastic Glossy Pure red/Dice_10_Albedo.png
  artifactKey: Guid(00013aa6cebfbf943bbd7fb4cca9e4aa) Importer(2089858483,0ecaa5967403d082aa24f35e1b516d23)
Start importing Assets/Collection Dice set for role-playing games/Dice_d10/Textures/2k/Plastic Glossy Pure red/Dice_10_Albedo.png using Guid(00013aa6cebfbf943bbd7fb4cca9e4aa) Importer(2089858483,0ecaa5967403d082aa24f35e1b516d23) [PhysX] Initialized MultithreadedTaskDispatcher with 20 workers.
 -> (artifact id: '0021c4c04b7a8efc69cfe9010246d74a') in 0.033088 seconds
Number of updated asset objects reloaded before import = 0
Number of asset objects unloaded after import = 1
========================================================================
Received Import Request.
  Time since last request: 0.000020 seconds.
  path: Assets/Collection Dice set for role-playing games/Dice_d20/Textures/512/Plastic Glossy Pure red/Dice_d20_LP_Roughness.png
  artifactKey: Guid(0f5797c2ccdfcc346bd30837bb220382) Importer(2089858483,0ecaa5967403d082aa24f35e1b516d23)
Start importing Assets/Collection Dice set for role-playing games/Dice_d20/Textures/512/Plastic Glossy Pure red/Dice_d20_LP_Roughness.png using Guid(0f5797c2ccdfcc346bd30837bb220382) Importer(2089858483,0ecaa5967403d082aa24f35e1b516d23) [PhysX] Initialized MultithreadedTaskDispatcher with 20 workers.
 -> (artifact id: 'bbcf8015d0ef8ddf6cc0d3b172207b05') in 0.029071 seconds
Number of updated asset objects reloaded before import = 0
Number of asset objects unloaded after import = 1
========================================================================
Received Import Request.
  Time since last request: 0.000022 seconds.
  path: Assets/Collection Dice set for role-playing games/Dice_d12/Materials/2k/d12 Plastic Glossy Pure blue 2k.mat
  artifactKey: Guid(e4ad58b1cddae6a46b6f0166a4e16c48) Importer(2089858483,0ecaa5967403d082aa24f35e1b516d23)
Start importing Assets/Collection Dice set for role-playing games/Dice_d12/Materials/2k/d12 Plastic Glossy Pure blue 2k.mat using Guid(e4ad58b1cddae6a46b6f0166a4e16c48) Importer(2089858483,0ecaa5967403d082aa24f35e1b516d23) [PhysX] Initialized MultithreadedTaskDispatcher with 20 workers.
 -> (artifact id: '6eade26937344cd34c1c4fd426814c3a') in 0.111151 seconds
Number of updated asset objects reloaded before import = 0
Number of asset objects unloaded after import = 7
========================================================================
Received Import Request.
  Time since last request: 0.000034 seconds.
  path: Assets/Collection Dice set for role-playing games/Dice_d8/Textures/2k/Plastic Rough Scratched blue/Dice_d8_Roughness.png
  artifactKey: Guid(d4cbeae451376cf42b08f9171fe5ff31) Importer(2089858483,0ecaa5967403d082aa24f35e1b516d23)
Start importing Assets/Collection Dice set for role-playing games/Dice_d8/Textures/2k/Plastic Rough Scratched blue/Dice_d8_Roughness.png using Guid(d4cbeae451376cf42b08f9171fe5ff31) Importer(2089858483,0ecaa5967403d082aa24f35e1b516d23) [PhysX] Initialized MultithreadedTaskDispatcher with 20 workers.
 -> (artifact id: 'ab08e50909040b022925fa73ce084a33') in 0.028925 seconds
Number of updated asset objects reloaded before import = 0
Number of asset objects unloaded after import = 1
========================================================================
Received Import Request.
  Time since last request: 0.000034 seconds.
  path: Assets/Collection Dice set for role-playing games/Dice_d8/Textures/2k/Plastic Glossy Pure blue/Dice_d8_Metallic.png
  artifactKey: Guid(b93cacd66cd8dcb40b83282092098dec) Importer(2089858483,0ecaa5967403d082aa24f35e1b516d23)
Start importing Assets/Collection Dice set for role-playing games/Dice_d8/Textures/2k/Plastic Glossy Pure blue/Dice_d8_Metallic.png using Guid(b93cacd66cd8dcb40b83282092098dec) Importer(2089858483,0ecaa5967403d082aa24f35e1b516d23) [PhysX] Initialized MultithreadedTaskDispatcher with 20 workers.
 -> (artifact id: '88b4378121de9f95e6356f39ea1dd8f2') in 0.031107 seconds
Number of updated asset objects reloaded before import = 0
Number of asset objects unloaded after import = 1
========================================================================
Received Import Request.
  Time since last request: 0.000030 seconds.
  path: Assets/Collection Dice set for role-playing games/Dice_d6/Textures/512/Plastic Glossy Pure write/Dice_d6_Metallic.png
  artifactKey: Guid(84f6ffcb41426f34db8b772a591d0793) Importer(2089858483,0ecaa5967403d082aa24f35e1b516d23)
Start importing Assets/Collection Dice set for role-playing games/Dice_d6/Textures/512/Plastic Glossy Pure write/Dice_d6_Metallic.png using Guid(84f6ffcb41426f34db8b772a591d0793) Importer(2089858483,0ecaa5967403d082aa24f35e1b516d23) [PhysX] Initialized MultithreadedTaskDispatcher with 20 workers.
 -> (artifact id: '83fb04fe395c6c082774acee9e979822') in 0.028928 seconds
Number of updated asset objects reloaded before import = 0
Number of asset objects unloaded after import = 1
========================================================================
Received Import Request.
  Time since last request: 0.000030 seconds.
  path: Assets/Collection Dice set for role-playing games/Dice_d8/Textures/2k/Plastic Rough Scratched red/Dice_d8_Roughness.png
  artifactKey: Guid(ffc63207e10bcd144ace2f481a31c36f) Importer(2089858483,0ecaa5967403d082aa24f35e1b516d23)
Start importing Assets/Collection Dice set for role-playing games/Dice_d8/Textures/2k/Plastic Rough Scratched red/Dice_d8_Roughness.png using Guid(ffc63207e10bcd144ace2f481a31c36f) Importer(2089858483,0ecaa5967403d082aa24f35e1b516d23) [PhysX] Initialized MultithreadedTaskDispatcher with 20 workers.
 -> (artifact id: '383cca0d124d9e0cdb2d26c0fc2ddd98') in 0.030296 seconds
Number of updated asset objects reloaded before import = 0
Number of asset objects unloaded after import = 1
========================================================================
Received Import Request.
  Time since last request: 0.000019 seconds.
  path: Assets/Collection Dice set for role-playing games/Dice_d6/Textures/512/Plastic Rough Scratched blue/Dice_d6_Albedo.png
  artifactKey: Guid(a952ef0da1fb98249bc17f61a02e9aa5) Importer(2089858483,0ecaa5967403d082aa24f35e1b516d23)
Start importing Assets/Collection Dice set for role-playing games/Dice_d6/Textures/512/Plastic Rough Scratched blue/Dice_d6_Albedo.png using Guid(a952ef0da1fb98249bc17f61a02e9aa5) Importer(2089858483,0ecaa5967403d082aa24f35e1b516d23) [PhysX] Initialized MultithreadedTaskDispatcher with 20 workers.
 -> (artifact id: 'de194030602b9f07f8320464774ec3d3') in 0.040736 seconds
Number of updated asset objects reloaded before import = 0
Number of asset objects unloaded after import = 1
========================================================================
Received Import Request.
  Time since last request: 0.000030 seconds.
  path: Assets/Collection Dice set for role-playing games/Dice_d6/Textures/512/Plastic Glossy Pure write/Dice_d6_Height.png
  artifactKey: Guid(263166de2fbd8ee45ae78e64e45a6368) Importer(2089858483,0ecaa5967403d082aa24f35e1b516d23)
Start importing Assets/Collection Dice set for role-playing games/Dice_d6/Textures/512/Plastic Glossy Pure write/Dice_d6_Height.png using Guid(263166de2fbd8ee45ae78e64e45a6368) Importer(2089858483,0ecaa5967403d082aa24f35e1b516d23) [PhysX] Initialized MultithreadedTaskDispatcher with 20 workers.
 -> (artifact id: '36d326f54e83d0dc38cb8d34ac8e9457') in 0.038660 seconds
Number of updated asset objects reloaded before import = 0
Number of asset objects unloaded after import = 1
========================================================================
Received Import Request.
  Time since last request: 0.000037 seconds.
  path: Assets/Collection Dice set for role-playing games/Dice_d8/Textures/2k/Plastic Glossy Pure red/Dice_d8_Roughness.png
  artifactKey: Guid(667e0ca983b5c8c4f93d77c8db823d95) Importer(2089858483,0ecaa5967403d082aa24f35e1b516d23)
Start importing Assets/Collection Dice set for role-playing games/Dice_d8/Textures/2k/Plastic Glossy Pure red/Dice_d8_Roughness.png using Guid(667e0ca983b5c8c4f93d77c8db823d95) Importer(2089858483,0ecaa5967403d082aa24f35e1b516d23) [PhysX] Initialized MultithreadedTaskDispatcher with 20 workers.
 -> (artifact id: 'a7e7904f2a901130e802a1edb19271cf') in 0.048973 seconds
Number of updated asset objects reloaded before import = 0
Number of asset objects unloaded after import = 1
========================================================================
Received Import Request.
  Time since last request: 0.000100 seconds.
  path: Assets/Collection Dice set for role-playing games/Dice_d6/Textures/512/Plastic Glossy Pure red/Dice_d6_Metallic.png
  artifactKey: Guid(d157532e09160634c90381510d3c349d) Importer(2089858483,0ecaa5967403d082aa24f35e1b516d23)
Start importing Assets/Collection Dice set for role-playing games/Dice_d6/Textures/512/Plastic Glossy Pure red/Dice_d6_Metallic.png using Guid(d157532e09160634c90381510d3c349d) Importer(2089858483,0ecaa5967403d082aa24f35e1b516d23) [PhysX] Initialized MultithreadedTaskDispatcher with 20 workers.
 -> (artifact id: '3212418c95129f3570ecd9383866f840') in 0.042003 seconds
Number of updated asset objects reloaded before import = 0
Number of asset objects unloaded after import = 1
========================================================================
Received Import Request.
  Time since last request: 0.000036 seconds.
  path: Assets/Collection Dice set for role-playing games/Dice_d8/Textures/2k/Plastic Rough Scratched blue/Dice_d8_Normal.png
  artifactKey: Guid(69e42de04f718f244b7912b075585ac9) Importer(2089858483,0ecaa5967403d082aa24f35e1b516d23)
Start importing Assets/Collection Dice set for role-playing games/Dice_d8/Textures/2k/Plastic Rough Scratched blue/Dice_d8_Normal.png using Guid(69e42de04f718f244b7912b075585ac9) Importer(2089858483,0ecaa5967403d082aa24f35e1b516d23) [PhysX] Initialized MultithreadedTaskDispatcher with 20 workers.
 -> (artifact id: 'ef0312562772c4ef160ce912b5185da5') in 0.047892 seconds
Number of updated asset objects reloaded before import = 0
Number of asset objects unloaded after import = 1
========================================================================
Received Import Request.
  Time since last request: 0.000047 seconds.
  path: Assets/Collection Dice set for role-playing games/Dice_d6/Textures/512/Plastic Rough Scratched red/Dice_d6_Height.png
  artifactKey: Guid(803db076e4d7ccc4b97484beab31360b) Importer(2089858483,0ecaa5967403d082aa24f35e1b516d23)
Start importing Assets/Collection Dice set for role-playing games/Dice_d6/Textures/512/Plastic Rough Scratched red/Dice_d6_Height.png using Guid(803db076e4d7ccc4b97484beab31360b) Importer(2089858483,0ecaa5967403d082aa24f35e1b516d23) [PhysX] Initialized MultithreadedTaskDispatcher with 20 workers.
 -> (artifact id: 'd1026b7f05b5f703ce163210203fbc99') in 0.045384 seconds
Number of updated asset objects reloaded before import = 0
Number of asset objects unloaded after import = 1
========================================================================
Received Import Request.
  Time since last request: 0.000053 seconds.
  path: Assets/Kharnyx/Plates, Bowls & Cups/Prefabs/Bowls/Straight Bowl.prefab
  artifactKey: Guid(2e2b3462438e9664caaa8c5f8231b27e) Importer(2089858483,0ecaa5967403d082aa24f35e1b516d23)
Start importing Assets/Kharnyx/Plates, Bowls & Cups/Prefabs/Bowls/Straight Bowl.prefab using Guid(2e2b3462438e9664caaa8c5f8231b27e) Importer(2089858483,0ecaa5967403d082aa24f35e1b516d23) [PhysX] Initialized MultithreadedTaskDispatcher with 20 workers.
 -> (artifact id: '16a9bd50499585e7e3695aa29f2f17ca') in 0.092022 seconds
Number of updated asset objects reloaded before import = 0
Number of asset objects unloaded after import = 7
========================================================================
Received Import Request.
  Time since last request: 0.000037 seconds.
  path: Assets/Collection Dice set for role-playing games/Dice_d8/Textures/512/Plastic Glossy Pure write/Dice_d8_Roughness.png
  artifactKey: Guid(f96c67a34918e494cb554532717b0c5e) Importer(2089858483,0ecaa5967403d082aa24f35e1b516d23)
Start importing Assets/Collection Dice set for role-playing games/Dice_d8/Textures/512/Plastic Glossy Pure write/Dice_d8_Roughness.png using Guid(f96c67a34918e494cb554532717b0c5e) Importer(2089858483,0ecaa5967403d082aa24f35e1b516d23) [PhysX] Initialized MultithreadedTaskDispatcher with 20 workers.
 -> (artifact id: 'cc29871d93928c54347db10f0c21c25d') in 0.053435 seconds
Number of updated asset objects reloaded before import = 0
Number of asset objects unloaded after import = 1
========================================================================
Received Import Request.
  Time since last request: 0.000051 seconds.
  path: Assets/Collection Dice set for role-playing games/Dice_d8/Textures/512/Plastic Rough Scratched red/Dice_d8_AO.png
  artifactKey: Guid(d3c0baddb72cd6742aaa6d43f9014f85) Importer(2089858483,0ecaa5967403d082aa24f35e1b516d23)
Start importing Assets/Collection Dice set for role-playing games/Dice_d8/Textures/512/Plastic Rough Scratched red/Dice_d8_AO.png using Guid(d3c0baddb72cd6742aaa6d43f9014f85) Importer(2089858483,0ecaa5967403d082aa24f35e1b516d23) [PhysX] Initialized MultithreadedTaskDispatcher with 20 workers.
 -> (artifact id: '2ebfc3dc712cfd1c193d6bf151754d7a') in 0.045214 seconds
Number of updated asset objects reloaded before import = 0
Number of asset objects unloaded after import = 1
========================================================================
Received Import Request.
  Time since last request: 0.000046 seconds.
  path: Assets/Collection Dice set for role-playing games/Dice_d8/Textures/512/Plastic Glossy Pure red/Dice_d8_Albedo.png
  artifactKey: Guid(cb80b4eb123de1744b274020c0f290e2) Importer(2089858483,0ecaa5967403d082aa24f35e1b516d23)
Start importing Assets/Collection Dice set for role-playing games/Dice_d8/Textures/512/Plastic Glossy Pure red/Dice_d8_Albedo.png using Guid(cb80b4eb123de1744b274020c0f290e2) Importer(2089858483,0ecaa5967403d082aa24f35e1b516d23) [PhysX] Initialized MultithreadedTaskDispatcher with 20 workers.
 -> (artifact id: '7c1df90f77c24810b5f6d6ab7e445e85') in 0.060795 seconds
Number of updated asset objects reloaded before import = 0
Number of asset objects unloaded after import = 1
========================================================================
Received Import Request.
  Time since last request: 0.000048 seconds.
  path: Assets/Collection Dice set for role-playing games/Dice_d8/Textures/512/Plastic Rough Scratched blue/Dice_d8_Normal.png
  artifactKey: Guid(bc0aa41785969e24bb05ea5f1d554663) Importer(2089858483,0ecaa5967403d082aa24f35e1b516d23)
Start importing Assets/Collection Dice set for role-playing games/Dice_d8/Textures/512/Plastic Rough Scratched blue/Dice_d8_Normal.png using Guid(bc0aa41785969e24bb05ea5f1d554663) Importer(2089858483,0ecaa5967403d082aa24f35e1b516d23) [PhysX] Initialized MultithreadedTaskDispatcher with 20 workers.
 -> (artifact id: '426abeab70cb6395157c204905bfa500') in 0.050818 seconds
Number of updated asset objects reloaded before import = 0
Number of asset objects unloaded after import = 1
========================================================================
Received Import Request.
  Time since last request: 0.000054 seconds.
  path: Assets/Collection Dice set for role-playing games/Dice_d12/Textures/2k/Plastic Rough Scratched red/Dice_d12_AO.png
  artifactKey: Guid(018dcaa0e83a067488327549ba5bbd79) Importer(2089858483,0ecaa5967403d082aa24f35e1b516d23)
Start importing Assets/Collection Dice set for role-playing games/Dice_d12/Textures/2k/Plastic Rough Scratched red/Dice_d12_AO.png using Guid(018dcaa0e83a067488327549ba5bbd79) Importer(2089858483,0ecaa5967403d082aa24f35e1b516d23) [PhysX] Initialized MultithreadedTaskDispatcher with 20 workers.
 -> (artifact id: 'aa0c18bd3abef8b5d52e2051f9d87085') in 0.048825 seconds
Number of updated asset objects reloaded before import = 0
Number of asset objects unloaded after import = 1
========================================================================
Received Import Request.
  Time since last request: 0.000062 seconds.
  path: Assets/Collection Dice set for role-playing games/Dice_d8/Textures/512/Plastic Glossy Pure blue/Dice_d8_Albedo.png
  artifactKey: Guid(ed2a72d71533f3f4da9c2c1ba236baa9) Importer(2089858483,0ecaa5967403d082aa24f35e1b516d23)
Start importing Assets/Collection Dice set for role-playing games/Dice_d8/Textures/512/Plastic Glossy Pure blue/Dice_d8_Albedo.png using Guid(ed2a72d71533f3f4da9c2c1ba236baa9) Importer(2089858483,0ecaa5967403d082aa24f35e1b516d23) [PhysX] Initialized MultithreadedTaskDispatcher with 20 workers.
 -> (artifact id: '0974a04b08766cbe2ee4a4d764eebd75') in 0.061749 seconds
Number of updated asset objects reloaded before import = 0
Number of asset objects unloaded after import = 1
========================================================================
Received Import Request.
  Time since last request: 0.000042 seconds.
  path: Assets/Collection Dice set for role-playing games/Dice_d8/Textures/512/Plastic Glossy Pure red/Dice_d8_AO.png
  artifactKey: Guid(074e69df8f4af854bbacf12988d80eb0) Importer(2089858483,0ecaa5967403d082aa24f35e1b516d23)
Start importing Assets/Collection Dice set for role-playing games/Dice_d8/Textures/512/Plastic Glossy Pure red/Dice_d8_AO.png using Guid(074e69df8f4af854bbacf12988d80eb0) Importer(2089858483,0ecaa5967403d082aa24f35e1b516d23) [PhysX] Initialized MultithreadedTaskDispatcher with 20 workers.
 -> (artifact id: '7d22c00818bb942df5268cd454dc6283') in 0.045249 seconds
Number of updated asset objects reloaded before import = 0
Number of asset objects unloaded after import = 1
========================================================================
Received Import Request.
  Time since last request: 0.000047 seconds.
  path: Assets/Kharnyx/Plates, Bowls & Cups/Prefabs/Plates/Rectangle Plate.prefab
  artifactKey: Guid(62b047c7ddc6abd488162dd3e0f42144) Importer(2089858483,0ecaa5967403d082aa24f35e1b516d23)
Start importing Assets/Kharnyx/Plates, Bowls & Cups/Prefabs/Plates/Rectangle Plate.prefab using Guid(62b047c7ddc6abd488162dd3e0f42144) Importer(2089858483,0ecaa5967403d082aa24f35e1b516d23) [PhysX] Initialized MultithreadedTaskDispatcher with 20 workers.
 -> (artifact id: '1150108a5961a1a5d5b9753a13448b1e') in 0.031054 seconds
Number of updated asset objects reloaded before import = 0
Number of asset objects unloaded after import = 7
========================================================================
Received Import Request.
  Time since last request: 0.000046 seconds.
  path: Assets/Collection Dice set for role-playing games/Dice_d4/Textures/512/Plastic Glossy Pure blue/Dice_d4_Normal.png
  artifactKey: Guid(748d50897278cbe47bc1d676c1d7dc87) Importer(2089858483,0ecaa5967403d082aa24f35e1b516d23)
Start importing Assets/Collection Dice set for role-playing games/Dice_d4/Textures/512/Plastic Glossy Pure blue/Dice_d4_Normal.png using Guid(748d50897278cbe47bc1d676c1d7dc87) Importer(2089858483,0ecaa5967403d082aa24f35e1b516d23) [PhysX] Initialized MultithreadedTaskDispatcher with 20 workers.
 -> (artifact id: '5dae67c3d9a729e94ef3daf96947ded0') in 0.047249 seconds
Number of updated asset objects reloaded before import = 0
Number of asset objects unloaded after import = 1
========================================================================
Received Import Request.
  Time since last request: 0.000046 seconds.
  path: Assets/Collection Dice set for role-playing games/Dice_d20/Textures/2k/Plastic Glossy Pure blue/Dice_d20_LP_Normal.png
  artifactKey: Guid(81e76c0b974f53a4f8541bf073a81c10) Importer(2089858483,0ecaa5967403d082aa24f35e1b516d23)
Start importing Assets/Collection Dice set for role-playing games/Dice_d20/Textures/2k/Plastic Glossy Pure blue/Dice_d20_LP_Normal.png using Guid(81e76c0b974f53a4f8541bf073a81c10) Importer(2089858483,0ecaa5967403d082aa24f35e1b516d23) [PhysX] Initialized MultithreadedTaskDispatcher with 20 workers.
 -> (artifact id: '1b54694a753d8d2d843627acb616706f') in 0.054542 seconds
Number of updated asset objects reloaded before import = 0
Number of asset objects unloaded after import = 1
========================================================================
Received Import Request.
  Time since last request: 0.000088 seconds.
  path: Assets/Collection Dice set for role-playing games/Dice_d10/Textures/512/Plastic Rough Scratched red/Dice_10_Albedo.png
  artifactKey: Guid(6080baaf116ed6840bc0ec1b7c067e15) Importer(2089858483,0ecaa5967403d082aa24f35e1b516d23)
Start importing Assets/Collection Dice set for role-playing games/Dice_d10/Textures/512/Plastic Rough Scratched red/Dice_10_Albedo.png using Guid(6080baaf116ed6840bc0ec1b7c067e15) Importer(2089858483,0ecaa5967403d082aa24f35e1b516d23) [PhysX] Initialized MultithreadedTaskDispatcher with 20 workers.
 -> (artifact id: '809abbe1954a240ec1f73a5aa58ca462') in 0.069548 seconds
Number of updated asset objects reloaded before import = 0
Number of asset objects unloaded after import = 1
========================================================================
Received Import Request.
  Time since last request: 0.000053 seconds.
  path: Assets/Collection Dice set for role-playing games/Dice_d12/Textures/2k/Plastic Rough Scratched blue/Dice_d12_Roughness.png
  artifactKey: Guid(8d8974c43eaa3fe42a8363de49dd798a) Importer(2089858483,0ecaa5967403d082aa24f35e1b516d23)
Start importing Assets/Collection Dice set for role-playing games/Dice_d12/Textures/2k/Plastic Rough Scratched blue/Dice_d12_Roughness.png using Guid(8d8974c43eaa3fe42a8363de49dd798a) Importer(2089858483,0ecaa5967403d082aa24f35e1b516d23) [PhysX] Initialized MultithreadedTaskDispatcher with 20 workers.
 -> (artifact id: 'd1db95090ffcddad02a52ce82ebf7b76') in 0.050936 seconds
Number of updated asset objects reloaded before import = 0
Number of asset objects unloaded after import = 1
========================================================================
Received Import Request.
  Time since last request: 0.000052 seconds.
  path: Assets/Collection Dice set for role-playing games/Dice_d10/Textures/512/Plastic Glossy Pure blue/Dice_10_Albedo.png
  artifactKey: Guid(9a9a4506c13f4e248b953a50d7341941) Importer(2089858483,0ecaa5967403d082aa24f35e1b516d23)
Start importing Assets/Collection Dice set for role-playing games/Dice_d10/Textures/512/Plastic Glossy Pure blue/Dice_10_Albedo.png using Guid(9a9a4506c13f4e248b953a50d7341941) Importer(2089858483,0ecaa5967403d082aa24f35e1b516d23) [PhysX] Initialized MultithreadedTaskDispatcher with 20 workers.
 -> (artifact id: 'caf019571a240fa3417f321db71cf275') in 0.061383 seconds
Number of updated asset objects reloaded before import = 0
Number of asset objects unloaded after import = 1
Editor requested this worker to shutdown with reason: Scaling down because of idle timeout
TcpMessagingSession - receive error
AssetImportWorkerClient::OnTransportError - code=2 error=End of file
AssetImportWorker is now disconnected from the server
Process exiting
Exiting without the bug reporter. Application will terminate with return code 0